The system is: Darwin - 20.1.0 - x86_64
Compiling the C compiler identification source file "CMakeCCompilerId.c" succeeded.
Compiler: /Library/Developer/CommandLineTools/usr/bin/cc 
Build flags: 
Id flags: -c 

The output was:
0


Compilation of the C compiler identification source "CMakeCCompilerId.c" produced "CMakeCCompilerId.o"

The C compiler identification is AppleClang, found in "/Users/happys/Desktop/project/AI/C_project/as4/source/CMakeFiles/3.18.4/CompilerIdC/CMakeCCompilerId.o"

Compiling the CXX compiler identification source file "CMakeCXXCompilerId.cpp" succeeded.
Compiler: /Library/Developer/CommandLineTools/usr/bin/c++ 
Build flags: 
Id flags: -c 

The output was:
0


Compilation of the CXX compiler identification source "CMakeCXXCompilerId.cpp" produced "CMakeCXXCompilerId.o"

The CXX compiler identification is AppleClang, found in "/Users/happys/Desktop/project/AI/C_project/as4/source/CMakeFiles/3.18.4/CompilerIdCXX/CMakeCXXCompilerId.o"

Detecting C compiler ABI info compiled with the following output:
Change Dir: /Users/happys/Desktop/project/AI/C_project/as4/source/CMakeFiles/CMakeTmp

Run Build Command(s):/usr/bin/make cmTC_a7bd0/fast && /Library/Developer/CommandLineTools/usr/bin/make  -f CMakeFiles/cmTC_a7bd0.dir/build.make CMakeFiles/cmTC_a7bd0.dir/build
Building C object CMakeFiles/cmTC_a7bd0.dir/CMakeCCompilerABI.c.o
/Library/Developer/CommandLineTools/usr/bin/cc   -isysroot /Library/Developer/CommandLineTools/SDKs/MacOSX11.0.sdk   -v -Wl,-v -o CMakeFiles/cmTC_a7bd0.dir/CMakeCCompilerABI.c.o -c /usr/local/Cellar/cmake/3.18.4/share/cmake/Modules/CMakeCCompilerABI.c
Apple clang version 12.0.0 (clang-1200.0.32.2)
Target: x86_64-apple-darwin20.1.0
Thread model: posix
InstalledDir: /Library/Developer/CommandLineTools/usr/bin
clang: warning: -Wl,-v: 'linker' input unused [-Wunused-command-line-argument]
 "/Library/Developer/CommandLineTools/usr/bin/clang" -cc1 -triple x86_64-apple-macosx11.0.0 -Wdeprecated-objc-isa-usage -Werror=deprecated-objc-isa-usage -Werror=implicit-function-declaration -emit-obj -mrelax-all -disable-free -disable-llvm-verifier -discard-value-names -main-file-name CMakeCCompilerABI.c -mrelocation-model pic -pic-level 2 -mthread-model posix -mframe-pointer=all -fno-strict-return -masm-verbose -munwind-tables -target-sdk-version=11.0 -target-cpu penryn -dwarf-column-info -debugger-tuning=lldb -target-linker-version 609 -v -resource-dir /Library/Developer/CommandLineTools/usr/lib/clang/12.0.0 -isysroot /Library/Developer/CommandLineTools/SDKs/MacOSX11.0.sdk -internal-isystem /Library/Developer/CommandLineTools/SDKs/MacOSX11.0.sdk/usr/local/include -internal-isystem /Library/Developer/CommandLineTools/usr/lib/clang/12.0.0/include -internal-externc-isystem /Library/Developer/CommandLineTools/SDKs/MacOSX11.0.sdk/usr/include -internal-externc-isystem /Library/Developer/CommandLineTools/usr/include -Wno-reorder-init-list -Wno-implicit-int-float-conversion -Wno-c99-designator -Wno-final-dtor-non-final-class -Wno-extra-semi-stmt -Wno-misleading-indentation -Wno-quoted-include-in-framework-header -Wno-implicit-fallthrough -Wno-enum-enum-conversion -Wno-enum-float-conversion -fdebug-compilation-dir /Users/happys/Desktop/project/AI/C_project/as4/source/CMakeFiles/CMakeTmp -ferror-limit 19 -fmessage-length 0 -stack-protector 1 -fstack-check -mdarwin-stkchk-strong-link -fblocks -fencode-extended-block-signature -fregister-global-dtors-with-atexit -fgnuc-version=4.2.1 -fobjc-runtime=macosx-11.0.0 -fmax-type-align=16 -fdiagnostics-show-option -o CMakeFiles/cmTC_a7bd0.dir/CMakeCCompilerABI.c.o -x c /usr/local/Cellar/cmake/3.18.4/share/cmake/Modules/CMakeCCompilerABI.c
clang -cc1 version 12.0.0 (clang-1200.0.32.2) default target x86_64-apple-darwin20.1.0
ignoring nonexistent directory "/Library/Developer/CommandLineTools/SDKs/MacOSX11.0.sdk/usr/local/include"
ignoring nonexistent directory "/Library/Developer/CommandLineTools/SDKs/MacOSX11.0.sdk/Library/Frameworks"
#include "..." search starts here:
#include <...> search starts here:
 /Library/Developer/CommandLineTools/usr/lib/clang/12.0.0/include
 /Library/Developer/CommandLineTools/SDKs/MacOSX11.0.sdk/usr/include
 /Library/Developer/CommandLineTools/usr/include
 /Library/Developer/CommandLineTools/SDKs/MacOSX11.0.sdk/System/Library/Frameworks (framework directory)
End of search list.
Linking C executable cmTC_a7bd0
/usr/local/Cellar/cmake/3.18.4/bin/cmake -E cmake_link_script CMakeFiles/cmTC_a7bd0.dir/link.txt --verbose=1
/Library/Developer/CommandLineTools/usr/bin/cc  -isysroot /Library/Developer/CommandLineTools/SDKs/MacOSX11.0.sdk -Wl,-search_paths_first -Wl,-headerpad_max_install_names  -v -Wl,-v CMakeFiles/cmTC_a7bd0.dir/CMakeCCompilerABI.c.o -o cmTC_a7bd0 
Apple clang version 12.0.0 (clang-1200.0.32.2)
Target: x86_64-apple-darwin20.1.0
Thread model: posix
InstalledDir: /Library/Developer/CommandLineTools/usr/bin
 "/Library/Developer/CommandLineTools/usr/bin/ld" -demangle -lto_library /Library/Developer/CommandLineTools/usr/lib/libLTO.dylib -dynamic -arch x86_64 -platform_version macos 11.0.0 11.0 -syslibroot /Library/Developer/CommandLineTools/SDKs/MacOSX11.0.sdk -o cmTC_a7bd0 -search_paths_first -headerpad_max_install_names -v CMakeFiles/cmTC_a7bd0.dir/CMakeCCompilerABI.c.o -lSystem /Library/Developer/CommandLineTools/usr/lib/clang/12.0.0/lib/darwin/libclang_rt.osx.a
@(#)PROGRAM:ld  PROJECT:ld64-609
BUILD 07:59:13 Aug 25 2020
configured to support archs: armv6 armv7 armv7s arm64 arm64e arm64_32 i386 x86_64 x86_64h armv6m armv7k armv7m armv7em
Library search paths:
	/Library/Developer/CommandLineTools/SDKs/MacOSX11.0.sdk/usr/lib
Framework search paths:
	/Library/Developer/CommandLineTools/SDKs/MacOSX11.0.sdk/System/Library/Frameworks/



Parsed C implicit include dir info from above output: rv=done
  found start of include info
  found start of implicit include info
    add: [/Library/Developer/CommandLineTools/usr/lib/clang/12.0.0/include]
    add: [/Library/Developer/CommandLineTools/SDKs/MacOSX11.0.sdk/usr/include]
    add: [/Library/Developer/CommandLineTools/usr/include]
  end of search list found
  collapse include dir [/Library/Developer/CommandLineTools/usr/lib/clang/12.0.0/include] ==> [/Library/Developer/CommandLineTools/usr/lib/clang/12.0.0/include]
  collapse include dir [/Library/Developer/CommandLineTools/SDKs/MacOSX11.0.sdk/usr/include] ==> [/Library/Developer/CommandLineTools/SDKs/MacOSX11.0.sdk/usr/include]
  collapse include dir [/Library/Developer/CommandLineTools/usr/include] ==> [/Library/Developer/CommandLineTools/usr/include]
  implicit include dirs: [/Library/Developer/CommandLineTools/usr/lib/clang/12.0.0/include;/Library/Developer/CommandLineTools/SDKs/MacOSX11.0.sdk/usr/include;/Library/Developer/CommandLineTools/usr/include]


Parsed C implicit link information from above output:
  link line regex: [^( *|.*[/\])(ld|CMAKE_LINK_STARTFILE-NOTFOUND|([^/\]+-)?ld|collect2)[^/\]*( |$)]
  ignore line: [Change Dir: /Users/happys/Desktop/project/AI/C_project/as4/source/CMakeFiles/CMakeTmp]
  ignore line: []
  ignore line: [Run Build Command(s):/usr/bin/make cmTC_a7bd0/fast && /Library/Developer/CommandLineTools/usr/bin/make  -f CMakeFiles/cmTC_a7bd0.dir/build.make CMakeFiles/cmTC_a7bd0.dir/build]
  ignore line: [Building C object CMakeFiles/cmTC_a7bd0.dir/CMakeCCompilerABI.c.o]
  ignore line: [/Library/Developer/CommandLineTools/usr/bin/cc   -isysroot /Library/Developer/CommandLineTools/SDKs/MacOSX11.0.sdk   -v -Wl -v -o CMakeFiles/cmTC_a7bd0.dir/CMakeCCompilerABI.c.o -c /usr/local/Cellar/cmake/3.18.4/share/cmake/Modules/CMakeCCompilerABI.c]
  ignore line: [Apple clang version 12.0.0 (clang-1200.0.32.2)]
  ignore line: [Target: x86_64-apple-darwin20.1.0]
  ignore line: [Thread model: posix]
  ignore line: [InstalledDir: /Library/Developer/CommandLineTools/usr/bin]
  ignore line: [clang: warning: -Wl -v: 'linker' input unused [-Wunused-command-line-argument]]
  ignore line: [ "/Library/Developer/CommandLineTools/usr/bin/clang" -cc1 -triple x86_64-apple-macosx11.0.0 -Wdeprecated-objc-isa-usage -Werror=deprecated-objc-isa-usage -Werror=implicit-function-declaration -emit-obj -mrelax-all -disable-free -disable-llvm-verifier -discard-value-names -main-file-name CMakeCCompilerABI.c -mrelocation-model pic -pic-level 2 -mthread-model posix -mframe-pointer=all -fno-strict-return -masm-verbose -munwind-tables -target-sdk-version=11.0 -target-cpu penryn -dwarf-column-info -debugger-tuning=lldb -target-linker-version 609 -v -resource-dir /Library/Developer/CommandLineTools/usr/lib/clang/12.0.0 -isysroot /Library/Developer/CommandLineTools/SDKs/MacOSX11.0.sdk -internal-isystem /Library/Developer/CommandLineTools/SDKs/MacOSX11.0.sdk/usr/local/include -internal-isystem /Library/Developer/CommandLineTools/usr/lib/clang/12.0.0/include -internal-externc-isystem /Library/Developer/CommandLineTools/SDKs/MacOSX11.0.sdk/usr/include -internal-externc-isystem /Library/Developer/CommandLineTools/usr/include -Wno-reorder-init-list -Wno-implicit-int-float-conversion -Wno-c99-designator -Wno-final-dtor-non-final-class -Wno-extra-semi-stmt -Wno-misleading-indentation -Wno-quoted-include-in-framework-header -Wno-implicit-fallthrough -Wno-enum-enum-conversion -Wno-enum-float-conversion -fdebug-compilation-dir /Users/happys/Desktop/project/AI/C_project/as4/source/CMakeFiles/CMakeTmp -ferror-limit 19 -fmessage-length 0 -stack-protector 1 -fstack-check -mdarwin-stkchk-strong-link -fblocks -fencode-extended-block-signature -fregister-global-dtors-with-atexit -fgnuc-version=4.2.1 -fobjc-runtime=macosx-11.0.0 -fmax-type-align=16 -fdiagnostics-show-option -o CMakeFiles/cmTC_a7bd0.dir/CMakeCCompilerABI.c.o -x c /usr/local/Cellar/cmake/3.18.4/share/cmake/Modules/CMakeCCompilerABI.c]
  ignore line: [clang -cc1 version 12.0.0 (clang-1200.0.32.2) default target x86_64-apple-darwin20.1.0]
  ignore line: [ignoring nonexistent directory "/Library/Developer/CommandLineTools/SDKs/MacOSX11.0.sdk/usr/local/include"]
  ignore line: [ignoring nonexistent directory "/Library/Developer/CommandLineTools/SDKs/MacOSX11.0.sdk/Library/Frameworks"]
  ignore line: [#include "..." search starts here:]
  ignore line: [#include <...> search starts here:]
  ignore line: [ /Library/Developer/CommandLineTools/usr/lib/clang/12.0.0/include]
  ignore line: [ /Library/Developer/CommandLineTools/SDKs/MacOSX11.0.sdk/usr/include]
  ignore line: [ /Library/Developer/CommandLineTools/usr/include]
  ignore line: [ /Library/Developer/CommandLineTools/SDKs/MacOSX11.0.sdk/System/Library/Frameworks (framework directory)]
  ignore line: [End of search list.]
  ignore line: [Linking C executable cmTC_a7bd0]
  ignore line: [/usr/local/Cellar/cmake/3.18.4/bin/cmake -E cmake_link_script CMakeFiles/cmTC_a7bd0.dir/link.txt --verbose=1]
  ignore line: [/Library/Developer/CommandLineTools/usr/bin/cc  -isysroot /Library/Developer/CommandLineTools/SDKs/MacOSX11.0.sdk -Wl -search_paths_first -Wl -headerpad_max_install_names  -v -Wl -v CMakeFiles/cmTC_a7bd0.dir/CMakeCCompilerABI.c.o -o cmTC_a7bd0 ]
  ignore line: [Apple clang version 12.0.0 (clang-1200.0.32.2)]
  ignore line: [Target: x86_64-apple-darwin20.1.0]
  ignore line: [Thread model: posix]
  ignore line: [InstalledDir: /Library/Developer/CommandLineTools/usr/bin]
  link line: [ "/Library/Developer/CommandLineTools/usr/bin/ld" -demangle -lto_library /Library/Developer/CommandLineTools/usr/lib/libLTO.dylib -dynamic -arch x86_64 -platform_version macos 11.0.0 11.0 -syslibroot /Library/Developer/CommandLineTools/SDKs/MacOSX11.0.sdk -o cmTC_a7bd0 -search_paths_first -headerpad_max_install_names -v CMakeFiles/cmTC_a7bd0.dir/CMakeCCompilerABI.c.o -lSystem /Library/Developer/CommandLineTools/usr/lib/clang/12.0.0/lib/darwin/libclang_rt.osx.a]
    arg [/Library/Developer/CommandLineTools/usr/bin/ld] ==> ignore
    arg [-demangle] ==> ignore
    arg [-lto_library] ==> ignore, skip following value
    arg [/Library/Developer/CommandLineTools/usr/lib/libLTO.dylib] ==> skip value of -lto_library
    arg [-dynamic] ==> ignore
    arg [-arch] ==> ignore
    arg [x86_64] ==> ignore
    arg [-platform_version] ==> ignore
    arg [macos] ==> ignore
    arg [11.0.0] ==> ignore
    arg [11.0] ==> ignore
    arg [-syslibroot] ==> ignore
    arg [/Library/Developer/CommandLineTools/SDKs/MacOSX11.0.sdk] ==> ignore
    arg [-o] ==> ignore
    arg [cmTC_a7bd0] ==> ignore
    arg [-search_paths_first] ==> ignore
    arg [-headerpad_max_install_names] ==> ignore
    arg [-v] ==> ignore
    arg [CMakeFiles/cmTC_a7bd0.dir/CMakeCCompilerABI.c.o] ==> ignore
    arg [-lSystem] ==> lib [System]
    arg [/Library/Developer/CommandLineTools/usr/lib/clang/12.0.0/lib/darwin/libclang_rt.osx.a] ==> lib [/Library/Developer/CommandLineTools/usr/lib/clang/12.0.0/lib/darwin/libclang_rt.osx.a]
  Library search paths: [;/Library/Developer/CommandLineTools/SDKs/MacOSX11.0.sdk/usr/lib]
  Framework search paths: [;/Library/Developer/CommandLineTools/SDKs/MacOSX11.0.sdk/System/Library/Frameworks/]
  remove lib [System]
  remove lib [/Library/Developer/CommandLineTools/usr/lib/clang/12.0.0/lib/darwin/libclang_rt.osx.a]
  collapse library dir [/Library/Developer/CommandLineTools/SDKs/MacOSX11.0.sdk/usr/lib] ==> [/Library/Developer/CommandLineTools/SDKs/MacOSX11.0.sdk/usr/lib]
  collapse framework dir [/Library/Developer/CommandLineTools/SDKs/MacOSX11.0.sdk/System/Library/Frameworks/] ==> [/Library/Developer/CommandLineTools/SDKs/MacOSX11.0.sdk/System/Library/Frameworks]
  implicit libs: []
  implicit dirs: [/Library/Developer/CommandLineTools/SDKs/MacOSX11.0.sdk/usr/lib]
  implicit fwks: [/Library/Developer/CommandLineTools/SDKs/MacOSX11.0.sdk/System/Library/Frameworks]


Detecting CXX compiler ABI info compiled with the following output:
Change Dir: /Users/happys/Desktop/project/AI/C_project/as4/source/CMakeFiles/CMakeTmp

Run Build Command(s):/usr/bin/make cmTC_9970e/fast && /Library/Developer/CommandLineTools/usr/bin/make  -f CMakeFiles/cmTC_9970e.dir/build.make CMakeFiles/cmTC_9970e.dir/build
Building CXX object CMakeFiles/cmTC_9970e.dir/CMakeCXXCompilerABI.cpp.o
/Library/Developer/CommandLineTools/usr/bin/c++   -isysroot /Library/Developer/CommandLineTools/SDKs/MacOSX11.0.sdk   -v -Wl,-v -o CMakeFiles/cmTC_9970e.dir/CMakeCXXCompilerABI.cpp.o -c /usr/local/Cellar/cmake/3.18.4/share/cmake/Modules/CMakeCXXCompilerABI.cpp
Apple clang version 12.0.0 (clang-1200.0.32.2)
Target: x86_64-apple-darwin20.1.0
Thread model: posix
InstalledDir: /Library/Developer/CommandLineTools/usr/bin
clang: warning: -Wl,-v: 'linker' input unused [-Wunused-command-line-argument]
ignoring nonexistent directory "/Library/Developer/CommandLineTools/SDKs/MacOSX11.0.sdk/usr/include/c++/v1"
 "/Library/Developer/CommandLineTools/usr/bin/clang" -cc1 -triple x86_64-apple-macosx11.0.0 -Wdeprecated-objc-isa-usage -Werror=deprecated-objc-isa-usage -Werror=implicit-function-declaration -emit-obj -mrelax-all -disable-free -disable-llvm-verifier -discard-value-names -main-file-name CMakeCXXCompilerABI.cpp -mrelocation-model pic -pic-level 2 -mthread-model posix -mframe-pointer=all -fno-strict-return -masm-verbose -munwind-tables -target-sdk-version=11.0 -target-cpu penryn -dwarf-column-info -debugger-tuning=lldb -target-linker-version 609 -v -resource-dir /Library/Developer/CommandLineTools/usr/lib/clang/12.0.0 -isysroot /Library/Developer/CommandLineTools/SDKs/MacOSX11.0.sdk -stdlib=libc++ -internal-isystem /Library/Developer/CommandLineTools/usr/bin/../include/c++/v1 -internal-isystem /Library/Developer/CommandLineTools/SDKs/MacOSX11.0.sdk/usr/local/include -internal-isystem /Library/Developer/CommandLineTools/usr/lib/clang/12.0.0/include -internal-externc-isystem /Library/Developer/CommandLineTools/SDKs/MacOSX11.0.sdk/usr/include -internal-externc-isystem /Library/Developer/CommandLineTools/usr/include -Wno-reorder-init-list -Wno-implicit-int-float-conversion -Wno-c99-designator -Wno-final-dtor-non-final-class -Wno-extra-semi-stmt -Wno-misleading-indentation -Wno-quoted-include-in-framework-header -Wno-implicit-fallthrough -Wno-enum-enum-conversion -Wno-enum-float-conversion -fdeprecated-macro -fdebug-compilation-dir /Users/happys/Desktop/project/AI/C_project/as4/source/CMakeFiles/CMakeTmp -ferror-limit 19 -fmessage-length 0 -stack-protector 1 -fstack-check -mdarwin-stkchk-strong-link -fblocks -fencode-extended-block-signature -fregister-global-dtors-with-atexit -fgnuc-version=4.2.1 -fobjc-runtime=macosx-11.0.0 -fcxx-exceptions -fexceptions -fmax-type-align=16 -fdiagnostics-show-option -o CMakeFiles/cmTC_9970e.dir/CMakeCXXCompilerABI.cpp.o -x c++ /usr/local/Cellar/cmake/3.18.4/share/cmake/Modules/CMakeCXXCompilerABI.cpp
clang -cc1 version 12.0.0 (clang-1200.0.32.2) default target x86_64-apple-darwin20.1.0
ignoring nonexistent directory "/Library/Developer/CommandLineTools/SDKs/MacOSX11.0.sdk/usr/local/include"
ignoring nonexistent directory "/Library/Developer/CommandLineTools/SDKs/MacOSX11.0.sdk/Library/Frameworks"
#include "..." search starts here:
#include <...> search starts here:
 /Library/Developer/CommandLineTools/usr/bin/../include/c++/v1
 /Library/Developer/CommandLineTools/usr/lib/clang/12.0.0/include
 /Library/Developer/CommandLineTools/SDKs/MacOSX11.0.sdk/usr/include
 /Library/Developer/CommandLineTools/usr/include
 /Library/Developer/CommandLineTools/SDKs/MacOSX11.0.sdk/System/Library/Frameworks (framework directory)
End of search list.
Linking CXX executable cmTC_9970e
/usr/local/Cellar/cmake/3.18.4/bin/cmake -E cmake_link_script CMakeFiles/cmTC_9970e.dir/link.txt --verbose=1
/Library/Developer/CommandLineTools/usr/bin/c++  -isysroot /Library/Developer/CommandLineTools/SDKs/MacOSX11.0.sdk -Wl,-search_paths_first -Wl,-headerpad_max_install_names  -v -Wl,-v CMakeFiles/cmTC_9970e.dir/CMakeCXXCompilerABI.cpp.o -o cmTC_9970e 
Apple clang version 12.0.0 (clang-1200.0.32.2)
Target: x86_64-apple-darwin20.1.0
Thread model: posix
InstalledDir: /Library/Developer/CommandLineTools/usr/bin
 "/Library/Developer/CommandLineTools/usr/bin/ld" -demangle -lto_library /Library/Developer/CommandLineTools/usr/lib/libLTO.dylib -dynamic -arch x86_64 -platform_version macos 11.0.0 11.0 -syslibroot /Library/Developer/CommandLineTools/SDKs/MacOSX11.0.sdk -o cmTC_9970e -search_paths_first -headerpad_max_install_names -v CMakeFiles/cmTC_9970e.dir/CMakeCXXCompilerABI.cpp.o -lc++ -lSystem /Library/Developer/CommandLineTools/usr/lib/clang/12.0.0/lib/darwin/libclang_rt.osx.a
@(#)PROGRAM:ld  PROJECT:ld64-609
BUILD 07:59:13 Aug 25 2020
configured to support archs: armv6 armv7 armv7s arm64 arm64e arm64_32 i386 x86_64 x86_64h armv6m armv7k armv7m armv7em
Library search paths:
	/Library/Developer/CommandLineTools/SDKs/MacOSX11.0.sdk/usr/lib
Framework search paths:
	/Library/Developer/CommandLineTools/SDKs/MacOSX11.0.sdk/System/Library/Frameworks/



Parsed CXX implicit include dir info from above output: rv=done
  found start of include info
  found start of implicit include info
    add: [/Library/Developer/CommandLineTools/usr/bin/../include/c++/v1]
    add: [/Library/Developer/CommandLineTools/usr/lib/clang/12.0.0/include]
    add: [/Library/Developer/CommandLineTools/SDKs/MacOSX11.0.sdk/usr/include]
    add: [/Library/Developer/CommandLineTools/usr/include]
  end of search list found
  collapse include dir [/Library/Developer/CommandLineTools/usr/bin/../include/c++/v1] ==> [/Library/Developer/CommandLineTools/usr/include/c++/v1]
  collapse include dir [/Library/Developer/CommandLineTools/usr/lib/clang/12.0.0/include] ==> [/Library/Developer/CommandLineTools/usr/lib/clang/12.0.0/include]
  collapse include dir [/Library/Developer/CommandLineTools/SDKs/MacOSX11.0.sdk/usr/include] ==> [/Library/Developer/CommandLineTools/SDKs/MacOSX11.0.sdk/usr/include]
  collapse include dir [/Library/Developer/CommandLineTools/usr/include] ==> [/Library/Developer/CommandLineTools/usr/include]
  implicit include dirs: [/Library/Developer/CommandLineTools/usr/include/c++/v1;/Library/Developer/CommandLineTools/usr/lib/clang/12.0.0/include;/Library/Developer/CommandLineTools/SDKs/MacOSX11.0.sdk/usr/include;/Library/Developer/CommandLineTools/usr/include]


Parsed CXX implicit link information from above output:
  link line regex: [^( *|.*[/\])(ld|CMAKE_LINK_STARTFILE-NOTFOUND|([^/\]+-)?ld|collect2)[^/\]*( |$)]
  ignore line: [Change Dir: /Users/happys/Desktop/project/AI/C_project/as4/source/CMakeFiles/CMakeTmp]
  ignore line: []
  ignore line: [Run Build Command(s):/usr/bin/make cmTC_9970e/fast && /Library/Developer/CommandLineTools/usr/bin/make  -f CMakeFiles/cmTC_9970e.dir/build.make CMakeFiles/cmTC_9970e.dir/build]
  ignore line: [Building CXX object CMakeFiles/cmTC_9970e.dir/CMakeCXXCompilerABI.cpp.o]
  ignore line: [/Library/Developer/CommandLineTools/usr/bin/c++   -isysroot /Library/Developer/CommandLineTools/SDKs/MacOSX11.0.sdk   -v -Wl -v -o CMakeFiles/cmTC_9970e.dir/CMakeCXXCompilerABI.cpp.o -c /usr/local/Cellar/cmake/3.18.4/share/cmake/Modules/CMakeCXXCompilerABI.cpp]
  ignore line: [Apple clang version 12.0.0 (clang-1200.0.32.2)]
  ignore line: [Target: x86_64-apple-darwin20.1.0]
  ignore line: [Thread model: posix]
  ignore line: [InstalledDir: /Library/Developer/CommandLineTools/usr/bin]
  ignore line: [clang: warning: -Wl -v: 'linker' input unused [-Wunused-command-line-argument]]
  ignore line: [ignoring nonexistent directory "/Library/Developer/CommandLineTools/SDKs/MacOSX11.0.sdk/usr/include/c++/v1"]
  ignore line: [ "/Library/Developer/CommandLineTools/usr/bin/clang" -cc1 -triple x86_64-apple-macosx11.0.0 -Wdeprecated-objc-isa-usage -Werror=deprecated-objc-isa-usage -Werror=implicit-function-declaration -emit-obj -mrelax-all -disable-free -disable-llvm-verifier -discard-value-names -main-file-name CMakeCXXCompilerABI.cpp -mrelocation-model pic -pic-level 2 -mthread-model posix -mframe-pointer=all -fno-strict-return -masm-verbose -munwind-tables -target-sdk-version=11.0 -target-cpu penryn -dwarf-column-info -debugger-tuning=lldb -target-linker-version 609 -v -resource-dir /Library/Developer/CommandLineTools/usr/lib/clang/12.0.0 -isysroot /Library/Developer/CommandLineTools/SDKs/MacOSX11.0.sdk -stdlib=libc++ -internal-isystem /Library/Developer/CommandLineTools/usr/bin/../include/c++/v1 -internal-isystem /Library/Developer/CommandLineTools/SDKs/MacOSX11.0.sdk/usr/local/include -internal-isystem /Library/Developer/CommandLineTools/usr/lib/clang/12.0.0/include -internal-externc-isystem /Library/Developer/CommandLineTools/SDKs/MacOSX11.0.sdk/usr/include -internal-externc-isystem /Library/Developer/CommandLineTools/usr/include -Wno-reorder-init-list -Wno-implicit-int-float-conversion -Wno-c99-designator -Wno-final-dtor-non-final-class -Wno-extra-semi-stmt -Wno-misleading-indentation -Wno-quoted-include-in-framework-header -Wno-implicit-fallthrough -Wno-enum-enum-conversion -Wno-enum-float-conversion -fdeprecated-macro -fdebug-compilation-dir /Users/happys/Desktop/project/AI/C_project/as4/source/CMakeFiles/CMakeTmp -ferror-limit 19 -fmessage-length 0 -stack-protector 1 -fstack-check -mdarwin-stkchk-strong-link -fblocks -fencode-extended-block-signature -fregister-global-dtors-with-atexit -fgnuc-version=4.2.1 -fobjc-runtime=macosx-11.0.0 -fcxx-exceptions -fexceptions -fmax-type-align=16 -fdiagnostics-show-option -o CMakeFiles/cmTC_9970e.dir/CMakeCXXCompilerABI.cpp.o -x c++ /usr/local/Cellar/cmake/3.18.4/share/cmake/Modules/CMakeCXXCompilerABI.cpp]
  ignore line: [clang -cc1 version 12.0.0 (clang-1200.0.32.2) default target x86_64-apple-darwin20.1.0]
  ignore line: [ignoring nonexistent directory "/Library/Developer/CommandLineTools/SDKs/MacOSX11.0.sdk/usr/local/include"]
  ignore line: [ignoring nonexistent directory "/Library/Developer/CommandLineTools/SDKs/MacOSX11.0.sdk/Library/Frameworks"]
  ignore line: [#include "..." search starts here:]
  ignore line: [#include <...> search starts here:]
  ignore line: [ /Library/Developer/CommandLineTools/usr/bin/../include/c++/v1]
  ignore line: [ /Library/Developer/CommandLineTools/usr/lib/clang/12.0.0/include]
  ignore line: [ /Library/Developer/CommandLineTools/SDKs/MacOSX11.0.sdk/usr/include]
  ignore line: [ /Library/Developer/CommandLineTools/usr/include]
  ignore line: [ /Library/Developer/CommandLineTools/SDKs/MacOSX11.0.sdk/System/Library/Frameworks (framework directory)]
  ignore line: [End of search list.]
  ignore line: [Linking CXX executable cmTC_9970e]
  ignore line: [/usr/local/Cellar/cmake/3.18.4/bin/cmake -E cmake_link_script CMakeFiles/cmTC_9970e.dir/link.txt --verbose=1]
  ignore line: [/Library/Developer/CommandLineTools/usr/bin/c++  -isysroot /Library/Developer/CommandLineTools/SDKs/MacOSX11.0.sdk -Wl -search_paths_first -Wl -headerpad_max_install_names  -v -Wl -v CMakeFiles/cmTC_9970e.dir/CMakeCXXCompilerABI.cpp.o -o cmTC_9970e ]
  ignore line: [Apple clang version 12.0.0 (clang-1200.0.32.2)]
  ignore line: [Target: x86_64-apple-darwin20.1.0]
  ignore line: [Thread model: posix]
  ignore line: [InstalledDir: /Library/Developer/CommandLineTools/usr/bin]
  link line: [ "/Library/Developer/CommandLineTools/usr/bin/ld" -demangle -lto_library /Library/Developer/CommandLineTools/usr/lib/libLTO.dylib -dynamic -arch x86_64 -platform_version macos 11.0.0 11.0 -syslibroot /Library/Developer/CommandLineTools/SDKs/MacOSX11.0.sdk -o cmTC_9970e -search_paths_first -headerpad_max_install_names -v CMakeFiles/cmTC_9970e.dir/CMakeCXXCompilerABI.cpp.o -lc++ -lSystem /Library/Developer/CommandLineTools/usr/lib/clang/12.0.0/lib/darwin/libclang_rt.osx.a]
    arg [/Library/Developer/CommandLineTools/usr/bin/ld] ==> ignore
    arg [-demangle] ==> ignore
    arg [-lto_library] ==> ignore, skip following value
    arg [/Library/Developer/CommandLineTools/usr/lib/libLTO.dylib] ==> skip value of -lto_library
    arg [-dynamic] ==> ignore
    arg [-arch] ==> ignore
    arg [x86_64] ==> ignore
    arg [-platform_version] ==> ignore
    arg [macos] ==> ignore
    arg [11.0.0] ==> ignore
    arg [11.0] ==> ignore
    arg [-syslibroot] ==> ignore
    arg [/Library/Developer/CommandLineTools/SDKs/MacOSX11.0.sdk] ==> ignore
    arg [-o] ==> ignore
    arg [cmTC_9970e] ==> ignore
    arg [-search_paths_first] ==> ignore
    arg [-headerpad_max_install_names] ==> ignore
    arg [-v] ==> ignore
    arg [CMakeFiles/cmTC_9970e.dir/CMakeCXXCompilerABI.cpp.o] ==> ignore
    arg [-lc++] ==> lib [c++]
    arg [-lSystem] ==> lib [System]
    arg [/Library/Developer/CommandLineTools/usr/lib/clang/12.0.0/lib/darwin/libclang_rt.osx.a] ==> lib [/Library/Developer/CommandLineTools/usr/lib/clang/12.0.0/lib/darwin/libclang_rt.osx.a]
  Library search paths: [;/Library/Developer/CommandLineTools/SDKs/MacOSX11.0.sdk/usr/lib]
  Framework search paths: [;/Library/Developer/CommandLineTools/SDKs/MacOSX11.0.sdk/System/Library/Frameworks/]
  remove lib [System]
  remove lib [/Library/Developer/CommandLineTools/usr/lib/clang/12.0.0/lib/darwin/libclang_rt.osx.a]
  collapse library dir [/Library/Developer/CommandLineTools/SDKs/MacOSX11.0.sdk/usr/lib] ==> [/Library/Developer/CommandLineTools/SDKs/MacOSX11.0.sdk/usr/lib]
  collapse framework dir [/Library/Developer/CommandLineTools/SDKs/MacOSX11.0.sdk/System/Library/Frameworks/] ==> [/Library/Developer/CommandLineTools/SDKs/MacOSX11.0.sdk/System/Library/Frameworks]
  implicit libs: [c++]
  implicit dirs: [/Library/Developer/CommandLineTools/SDKs/MacOSX11.0.sdk/usr/lib]
  implicit fwks: [/Library/Developer/CommandLineTools/SDKs/MacOSX11.0.sdk/System/Library/Frameworks]


The system is: Darwin - 20.1.0 - x86_64
Compiling the C compiler identification source file "CMakeCCompilerId.c" succeeded.
Compiler: /Library/Developer/CommandLineTools/usr/bin/cc 
Build flags: 
Id flags: -c 

The output was:
0


Compilation of the C compiler identification source "CMakeCCompilerId.c" produced "CMakeCCompilerId.o"

The C compiler identification is AppleClang, found in "/Users/happys/Desktop/project/AI/C_project/as4/source/CMakeFiles/3.17.3/CompilerIdC/CMakeCCompilerId.o"

Compiling the CXX compiler identification source file "CMakeCXXCompilerId.cpp" succeeded.
Compiler: /Library/Developer/CommandLineTools/usr/bin/c++ 
Build flags: 
Id flags: -c 

The output was:
0


Compilation of the CXX compiler identification source "CMakeCXXCompilerId.cpp" produced "CMakeCXXCompilerId.o"

The CXX compiler identification is AppleClang, found in "/Users/happys/Desktop/project/AI/C_project/as4/source/CMakeFiles/3.17.3/CompilerIdCXX/CMakeCXXCompilerId.o"

Determining if the C compiler works passed with the following output:
Change Dir: /Users/happys/Desktop/project/AI/C_project/as4/source/CMakeFiles/CMakeTmp

Run Build Command(s):/usr/bin/make cmTC_fd45a/fast && /Library/Developer/CommandLineTools/usr/bin/make  -f CMakeFiles/cmTC_fd45a.dir/build.make CMakeFiles/cmTC_fd45a.dir/build
Building C object CMakeFiles/cmTC_fd45a.dir/testCCompiler.c.o
/Library/Developer/CommandLineTools/usr/bin/cc   -isysroot /Library/Developer/CommandLineTools/SDKs/MacOSX11.0.sdk   -o CMakeFiles/cmTC_fd45a.dir/testCCompiler.c.o   -c /Users/happys/Desktop/project/AI/C_project/as4/source/CMakeFiles/CMakeTmp/testCCompiler.c
Linking C executable cmTC_fd45a
"/Users/happys/Library/Application Support/JetBrains/Toolbox/apps/CLion/ch-0/202.8194.17/CLion.app/Contents/bin/cmake/mac/bin/cmake" -E cmake_link_script CMakeFiles/cmTC_fd45a.dir/link.txt --verbose=1
/Library/Developer/CommandLineTools/usr/bin/cc   -isysroot /Library/Developer/CommandLineTools/SDKs/MacOSX11.0.sdk -Wl,-search_paths_first -Wl,-headerpad_max_install_names   CMakeFiles/cmTC_fd45a.dir/testCCompiler.c.o  -o cmTC_fd45a 



Detecting C compiler ABI info compiled with the following output:
Change Dir: /Users/happys/Desktop/project/AI/C_project/as4/source/CMakeFiles/CMakeTmp

Run Build Command(s):/usr/bin/make cmTC_00072/fast && /Library/Developer/CommandLineTools/usr/bin/make  -f CMakeFiles/cmTC_00072.dir/build.make CMakeFiles/cmTC_00072.dir/build
Building C object CMakeFiles/cmTC_00072.dir/CMakeCCompilerABI.c.o
/Library/Developer/CommandLineTools/usr/bin/cc   -isysroot /Library/Developer/CommandLineTools/SDKs/MacOSX11.0.sdk   -v -Wl,-v -o CMakeFiles/cmTC_00072.dir/CMakeCCompilerABI.c.o   -c "/Users/happys/Library/Application Support/JetBrains/Toolbox/apps/CLion/ch-0/202.8194.17/CLion.app/Contents/bin/cmake/mac/share/cmake-3.17/Modules/CMakeCCompilerABI.c"
Apple clang version 12.0.0 (clang-1200.0.32.2)
Target: x86_64-apple-darwin20.1.0
Thread model: posix
InstalledDir: /Library/Developer/CommandLineTools/usr/bin
clang: warning: -Wl,-v: 'linker' input unused [-Wunused-command-line-argument]
 "/Library/Developer/CommandLineTools/usr/bin/clang" -cc1 -triple x86_64-apple-macosx11.0.0 -Wdeprecated-objc-isa-usage -Werror=deprecated-objc-isa-usage -Werror=implicit-function-declaration -emit-obj -mrelax-all -disable-free -disable-llvm-verifier -discard-value-names -main-file-name CMakeCCompilerABI.c -mrelocation-model pic -pic-level 2 -mthread-model posix -mframe-pointer=all -fno-strict-return -masm-verbose -munwind-tables -target-sdk-version=11.0 -target-cpu penryn -dwarf-column-info -debugger-tuning=lldb -target-linker-version 609 -v -resource-dir /Library/Developer/CommandLineTools/usr/lib/clang/12.0.0 -isysroot /Library/Developer/CommandLineTools/SDKs/MacOSX11.0.sdk -internal-isystem /Library/Developer/CommandLineTools/SDKs/MacOSX11.0.sdk/usr/local/include -internal-isystem /Library/Developer/CommandLineTools/usr/lib/clang/12.0.0/include -internal-externc-isystem /Library/Developer/CommandLineTools/SDKs/MacOSX11.0.sdk/usr/include -internal-externc-isystem /Library/Developer/CommandLineTools/usr/include -Wno-reorder-init-list -Wno-implicit-int-float-conversion -Wno-c99-designator -Wno-final-dtor-non-final-class -Wno-extra-semi-stmt -Wno-misleading-indentation -Wno-quoted-include-in-framework-header -Wno-implicit-fallthrough -Wno-enum-enum-conversion -Wno-enum-float-conversion -fdebug-compilation-dir /Users/happys/Desktop/project/AI/C_project/as4/source/CMakeFiles/CMakeTmp -ferror-limit 19 -fmessage-length 0 -stack-protector 1 -fstack-check -mdarwin-stkchk-strong-link -fblocks -fencode-extended-block-signature -fregister-global-dtors-with-atexit -fgnuc-version=4.2.1 -fobjc-runtime=macosx-11.0.0 -fmax-type-align=16 -fdiagnostics-show-option -o CMakeFiles/cmTC_00072.dir/CMakeCCompilerABI.c.o -x c "/Users/happys/Library/Application Support/JetBrains/Toolbox/apps/CLion/ch-0/202.8194.17/CLion.app/Contents/bin/cmake/mac/share/cmake-3.17/Modules/CMakeCCompilerABI.c"
clang -cc1 version 12.0.0 (clang-1200.0.32.2) default target x86_64-apple-darwin20.1.0
ignoring nonexistent directory "/Library/Developer/CommandLineTools/SDKs/MacOSX11.0.sdk/usr/local/include"
ignoring nonexistent directory "/Library/Developer/CommandLineTools/SDKs/MacOSX11.0.sdk/Library/Frameworks"
#include "..." search starts here:
#include <...> search starts here:
 /Library/Developer/CommandLineTools/usr/lib/clang/12.0.0/include
 /Library/Developer/CommandLineTools/SDKs/MacOSX11.0.sdk/usr/include
 /Library/Developer/CommandLineTools/usr/include
 /Library/Developer/CommandLineTools/SDKs/MacOSX11.0.sdk/System/Library/Frameworks (framework directory)
End of search list.
Linking C executable cmTC_00072
"/Users/happys/Library/Application Support/JetBrains/Toolbox/apps/CLion/ch-0/202.8194.17/CLion.app/Contents/bin/cmake/mac/bin/cmake" -E cmake_link_script CMakeFiles/cmTC_00072.dir/link.txt --verbose=1
/Library/Developer/CommandLineTools/usr/bin/cc   -isysroot /Library/Developer/CommandLineTools/SDKs/MacOSX11.0.sdk -Wl,-search_paths_first -Wl,-headerpad_max_install_names  -v -Wl,-v CMakeFiles/cmTC_00072.dir/CMakeCCompilerABI.c.o  -o cmTC_00072 
Apple clang version 12.0.0 (clang-1200.0.32.2)
Target: x86_64-apple-darwin20.1.0
Thread model: posix
InstalledDir: /Library/Developer/CommandLineTools/usr/bin
 "/Library/Developer/CommandLineTools/usr/bin/ld" -demangle -lto_library /Library/Developer/CommandLineTools/usr/lib/libLTO.dylib -dynamic -arch x86_64 -platform_version macos 11.0.0 11.0 -syslibroot /Library/Developer/CommandLineTools/SDKs/MacOSX11.0.sdk -o cmTC_00072 -search_paths_first -headerpad_max_install_names -v CMakeFiles/cmTC_00072.dir/CMakeCCompilerABI.c.o -lSystem /Library/Developer/CommandLineTools/usr/lib/clang/12.0.0/lib/darwin/libclang_rt.osx.a
@(#)PROGRAM:ld  PROJECT:ld64-609
BUILD 07:59:13 Aug 25 2020
configured to support archs: armv6 armv7 armv7s arm64 arm64e arm64_32 i386 x86_64 x86_64h armv6m armv7k armv7m armv7em
Library search paths:
	/Library/Developer/CommandLineTools/SDKs/MacOSX11.0.sdk/usr/lib
Framework search paths:
	/Library/Developer/CommandLineTools/SDKs/MacOSX11.0.sdk/System/Library/Frameworks/



Parsed C implicit include dir info from above output: rv=done
  found start of include info
  found start of implicit include info
    add: [/Library/Developer/CommandLineTools/usr/lib/clang/12.0.0/include]
    add: [/Library/Developer/CommandLineTools/SDKs/MacOSX11.0.sdk/usr/include]
    add: [/Library/Developer/CommandLineTools/usr/include]
  end of search list found
  collapse include dir [/Library/Developer/CommandLineTools/usr/lib/clang/12.0.0/include] ==> [/Library/Developer/CommandLineTools/usr/lib/clang/12.0.0/include]
  collapse include dir [/Library/Developer/CommandLineTools/SDKs/MacOSX11.0.sdk/usr/include] ==> [/Library/Developer/CommandLineTools/SDKs/MacOSX11.0.sdk/usr/include]
  collapse include dir [/Library/Developer/CommandLineTools/usr/include] ==> [/Library/Developer/CommandLineTools/usr/include]
  implicit include dirs: [/Library/Developer/CommandLineTools/usr/lib/clang/12.0.0/include;/Library/Developer/CommandLineTools/SDKs/MacOSX11.0.sdk/usr/include;/Library/Developer/CommandLineTools/usr/include]


Parsed C implicit link information from above output:
  link line regex: [^( *|.*[/\])(ld|CMAKE_LINK_STARTFILE-NOTFOUND|([^/\]+-)?ld|collect2)[^/\]*( |$)]
  ignore line: [Change Dir: /Users/happys/Desktop/project/AI/C_project/as4/source/CMakeFiles/CMakeTmp]
  ignore line: []
  ignore line: [Run Build Command(s):/usr/bin/make cmTC_00072/fast && /Library/Developer/CommandLineTools/usr/bin/make  -f CMakeFiles/cmTC_00072.dir/build.make CMakeFiles/cmTC_00072.dir/build]
  ignore line: [Building C object CMakeFiles/cmTC_00072.dir/CMakeCCompilerABI.c.o]
  ignore line: [/Library/Developer/CommandLineTools/usr/bin/cc   -isysroot /Library/Developer/CommandLineTools/SDKs/MacOSX11.0.sdk   -v -Wl -v -o CMakeFiles/cmTC_00072.dir/CMakeCCompilerABI.c.o   -c "/Users/happys/Library/Application Support/JetBrains/Toolbox/apps/CLion/ch-0/202.8194.17/CLion.app/Contents/bin/cmake/mac/share/cmake-3.17/Modules/CMakeCCompilerABI.c"]
  ignore line: [Apple clang version 12.0.0 (clang-1200.0.32.2)]
  ignore line: [Target: x86_64-apple-darwin20.1.0]
  ignore line: [Thread model: posix]
  ignore line: [InstalledDir: /Library/Developer/CommandLineTools/usr/bin]
  ignore line: [clang: warning: -Wl -v: 'linker' input unused [-Wunused-command-line-argument]]
  ignore line: [ "/Library/Developer/CommandLineTools/usr/bin/clang" -cc1 -triple x86_64-apple-macosx11.0.0 -Wdeprecated-objc-isa-usage -Werror=deprecated-objc-isa-usage -Werror=implicit-function-declaration -emit-obj -mrelax-all -disable-free -disable-llvm-verifier -discard-value-names -main-file-name CMakeCCompilerABI.c -mrelocation-model pic -pic-level 2 -mthread-model posix -mframe-pointer=all -fno-strict-return -masm-verbose -munwind-tables -target-sdk-version=11.0 -target-cpu penryn -dwarf-column-info -debugger-tuning=lldb -target-linker-version 609 -v -resource-dir /Library/Developer/CommandLineTools/usr/lib/clang/12.0.0 -isysroot /Library/Developer/CommandLineTools/SDKs/MacOSX11.0.sdk -internal-isystem /Library/Developer/CommandLineTools/SDKs/MacOSX11.0.sdk/usr/local/include -internal-isystem /Library/Developer/CommandLineTools/usr/lib/clang/12.0.0/include -internal-externc-isystem /Library/Developer/CommandLineTools/SDKs/MacOSX11.0.sdk/usr/include -internal-externc-isystem /Library/Developer/CommandLineTools/usr/include -Wno-reorder-init-list -Wno-implicit-int-float-conversion -Wno-c99-designator -Wno-final-dtor-non-final-class -Wno-extra-semi-stmt -Wno-misleading-indentation -Wno-quoted-include-in-framework-header -Wno-implicit-fallthrough -Wno-enum-enum-conversion -Wno-enum-float-conversion -fdebug-compilation-dir /Users/happys/Desktop/project/AI/C_project/as4/source/CMakeFiles/CMakeTmp -ferror-limit 19 -fmessage-length 0 -stack-protector 1 -fstack-check -mdarwin-stkchk-strong-link -fblocks -fencode-extended-block-signature -fregister-global-dtors-with-atexit -fgnuc-version=4.2.1 -fobjc-runtime=macosx-11.0.0 -fmax-type-align=16 -fdiagnostics-show-option -o CMakeFiles/cmTC_00072.dir/CMakeCCompilerABI.c.o -x c "/Users/happys/Library/Application Support/JetBrains/Toolbox/apps/CLion/ch-0/202.8194.17/CLion.app/Contents/bin/cmake/mac/share/cmake-3.17/Modules/CMakeCCompilerABI.c"]
  ignore line: [clang -cc1 version 12.0.0 (clang-1200.0.32.2) default target x86_64-apple-darwin20.1.0]
  ignore line: [ignoring nonexistent directory "/Library/Developer/CommandLineTools/SDKs/MacOSX11.0.sdk/usr/local/include"]
  ignore line: [ignoring nonexistent directory "/Library/Developer/CommandLineTools/SDKs/MacOSX11.0.sdk/Library/Frameworks"]
  ignore line: [#include "..." search starts here:]
  ignore line: [#include <...> search starts here:]
  ignore line: [ /Library/Developer/CommandLineTools/usr/lib/clang/12.0.0/include]
  ignore line: [ /Library/Developer/CommandLineTools/SDKs/MacOSX11.0.sdk/usr/include]
  ignore line: [ /Library/Developer/CommandLineTools/usr/include]
  ignore line: [ /Library/Developer/CommandLineTools/SDKs/MacOSX11.0.sdk/System/Library/Frameworks (framework directory)]
  ignore line: [End of search list.]
  ignore line: [Linking C executable cmTC_00072]
  ignore line: ["/Users/happys/Library/Application Support/JetBrains/Toolbox/apps/CLion/ch-0/202.8194.17/CLion.app/Contents/bin/cmake/mac/bin/cmake" -E cmake_link_script CMakeFiles/cmTC_00072.dir/link.txt --verbose=1]
  ignore line: [/Library/Developer/CommandLineTools/usr/bin/cc   -isysroot /Library/Developer/CommandLineTools/SDKs/MacOSX11.0.sdk -Wl -search_paths_first -Wl -headerpad_max_install_names  -v -Wl -v CMakeFiles/cmTC_00072.dir/CMakeCCompilerABI.c.o  -o cmTC_00072 ]
  ignore line: [Apple clang version 12.0.0 (clang-1200.0.32.2)]
  ignore line: [Target: x86_64-apple-darwin20.1.0]
  ignore line: [Thread model: posix]
  ignore line: [InstalledDir: /Library/Developer/CommandLineTools/usr/bin]
  link line: [ "/Library/Developer/CommandLineTools/usr/bin/ld" -demangle -lto_library /Library/Developer/CommandLineTools/usr/lib/libLTO.dylib -dynamic -arch x86_64 -platform_version macos 11.0.0 11.0 -syslibroot /Library/Developer/CommandLineTools/SDKs/MacOSX11.0.sdk -o cmTC_00072 -search_paths_first -headerpad_max_install_names -v CMakeFiles/cmTC_00072.dir/CMakeCCompilerABI.c.o -lSystem /Library/Developer/CommandLineTools/usr/lib/clang/12.0.0/lib/darwin/libclang_rt.osx.a]
    arg [/Library/Developer/CommandLineTools/usr/bin/ld] ==> ignore
    arg [-demangle] ==> ignore
    arg [-lto_library] ==> ignore, skip following value
    arg [/Library/Developer/CommandLineTools/usr/lib/libLTO.dylib] ==> skip value of -lto_library
    arg [-dynamic] ==> ignore
    arg [-arch] ==> ignore
    arg [x86_64] ==> ignore
    arg [-platform_version] ==> ignore
    arg [macos] ==> ignore
    arg [11.0.0] ==> ignore
    arg [11.0] ==> ignore
    arg [-syslibroot] ==> ignore
    arg [/Library/Developer/CommandLineTools/SDKs/MacOSX11.0.sdk] ==> ignore
    arg [-o] ==> ignore
    arg [cmTC_00072] ==> ignore
    arg [-search_paths_first] ==> ignore
    arg [-headerpad_max_install_names] ==> ignore
    arg [-v] ==> ignore
    arg [CMakeFiles/cmTC_00072.dir/CMakeCCompilerABI.c.o] ==> ignore
    arg [-lSystem] ==> lib [System]
    arg [/Library/Developer/CommandLineTools/usr/lib/clang/12.0.0/lib/darwin/libclang_rt.osx.a] ==> lib [/Library/Developer/CommandLineTools/usr/lib/clang/12.0.0/lib/darwin/libclang_rt.osx.a]
  Library search paths: [;/Library/Developer/CommandLineTools/SDKs/MacOSX11.0.sdk/usr/lib]
  Framework search paths: [;/Library/Developer/CommandLineTools/SDKs/MacOSX11.0.sdk/System/Library/Frameworks/]
  remove lib [System]
  remove lib [/Library/Developer/CommandLineTools/usr/lib/clang/12.0.0/lib/darwin/libclang_rt.osx.a]
  collapse library dir [/Library/Developer/CommandLineTools/SDKs/MacOSX11.0.sdk/usr/lib] ==> [/Library/Developer/CommandLineTools/SDKs/MacOSX11.0.sdk/usr/lib]
  collapse framework dir [/Library/Developer/CommandLineTools/SDKs/MacOSX11.0.sdk/System/Library/Frameworks/] ==> [/Library/Developer/CommandLineTools/SDKs/MacOSX11.0.sdk/System/Library/Frameworks]
  implicit libs: []
  implicit dirs: [/Library/Developer/CommandLineTools/SDKs/MacOSX11.0.sdk/usr/lib]
  implicit fwks: [/Library/Developer/CommandLineTools/SDKs/MacOSX11.0.sdk/System/Library/Frameworks]


Determining if the CXX compiler works passed with the following output:
Change Dir: /Users/happys/Desktop/project/AI/C_project/as4/source/CMakeFiles/CMakeTmp

Run Build Command(s):/usr/bin/make cmTC_0b656/fast && /Library/Developer/CommandLineTools/usr/bin/make  -f CMakeFiles/cmTC_0b656.dir/build.make CMakeFiles/cmTC_0b656.dir/build
Building CXX object CMakeFiles/cmTC_0b656.dir/testCXXCompiler.cxx.o
/Library/Developer/CommandLineTools/usr/bin/c++    -isysroot /Library/Developer/CommandLineTools/SDKs/MacOSX11.0.sdk   -o CMakeFiles/cmTC_0b656.dir/testCXXCompiler.cxx.o -c /Users/happys/Desktop/project/AI/C_project/as4/source/CMakeFiles/CMakeTmp/testCXXCompiler.cxx
Linking CXX executable cmTC_0b656
"/Users/happys/Library/Application Support/JetBrains/Toolbox/apps/CLion/ch-0/202.8194.17/CLion.app/Contents/bin/cmake/mac/bin/cmake" -E cmake_link_script CMakeFiles/cmTC_0b656.dir/link.txt --verbose=1
/Library/Developer/CommandLineTools/usr/bin/c++    -isysroot /Library/Developer/CommandLineTools/SDKs/MacOSX11.0.sdk -Wl,-search_paths_first -Wl,-headerpad_max_install_names   CMakeFiles/cmTC_0b656.dir/testCXXCompiler.cxx.o  -o cmTC_0b656 



Detecting CXX compiler ABI info compiled with the following output:
Change Dir: /Users/happys/Desktop/project/AI/C_project/as4/source/CMakeFiles/CMakeTmp

Run Build Command(s):/usr/bin/make cmTC_de709/fast && /Library/Developer/CommandLineTools/usr/bin/make  -f CMakeFiles/cmTC_de709.dir/build.make CMakeFiles/cmTC_de709.dir/build
Building CXX object CMakeFiles/cmTC_de709.dir/CMakeCXXCompilerABI.cpp.o
/Library/Developer/CommandLineTools/usr/bin/c++    -isysroot /Library/Developer/CommandLineTools/SDKs/MacOSX11.0.sdk   -v -Wl,-v -o CMakeFiles/cmTC_de709.dir/CMakeCXXCompilerABI.cpp.o -c "/Users/happys/Library/Application Support/JetBrains/Toolbox/apps/CLion/ch-0/202.8194.17/CLion.app/Contents/bin/cmake/mac/share/cmake-3.17/Modules/CMakeCXXCompilerABI.cpp"
Apple clang version 12.0.0 (clang-1200.0.32.2)
Target: x86_64-apple-darwin20.1.0
Thread model: posix
InstalledDir: /Library/Developer/CommandLineTools/usr/bin
clang: warning: -Wl,-v: 'linker' input unused [-Wunused-command-line-argument]
ignoring nonexistent directory "/Library/Developer/CommandLineTools/SDKs/MacOSX11.0.sdk/usr/include/c++/v1"
 "/Library/Developer/CommandLineTools/usr/bin/clang" -cc1 -triple x86_64-apple-macosx11.0.0 -Wdeprecated-objc-isa-usage -Werror=deprecated-objc-isa-usage -Werror=implicit-function-declaration -emit-obj -mrelax-all -disable-free -disable-llvm-verifier -discard-value-names -main-file-name CMakeCXXCompilerABI.cpp -mrelocation-model pic -pic-level 2 -mthread-model posix -mframe-pointer=all -fno-strict-return -masm-verbose -munwind-tables -target-sdk-version=11.0 -target-cpu penryn -dwarf-column-info -debugger-tuning=lldb -target-linker-version 609 -v -resource-dir /Library/Developer/CommandLineTools/usr/lib/clang/12.0.0 -isysroot /Library/Developer/CommandLineTools/SDKs/MacOSX11.0.sdk -stdlib=libc++ -internal-isystem /Library/Developer/CommandLineTools/usr/bin/../include/c++/v1 -internal-isystem /Library/Developer/CommandLineTools/SDKs/MacOSX11.0.sdk/usr/local/include -internal-isystem /Library/Developer/CommandLineTools/usr/lib/clang/12.0.0/include -internal-externc-isystem /Library/Developer/CommandLineTools/SDKs/MacOSX11.0.sdk/usr/include -internal-externc-isystem /Library/Developer/CommandLineTools/usr/include -Wno-reorder-init-list -Wno-implicit-int-float-conversion -Wno-c99-designator -Wno-final-dtor-non-final-class -Wno-extra-semi-stmt -Wno-misleading-indentation -Wno-quoted-include-in-framework-header -Wno-implicit-fallthrough -Wno-enum-enum-conversion -Wno-enum-float-conversion -fdeprecated-macro -fdebug-compilation-dir /Users/happys/Desktop/project/AI/C_project/as4/source/CMakeFiles/CMakeTmp -ferror-limit 19 -fmessage-length 0 -stack-protector 1 -fstack-check -mdarwin-stkchk-strong-link -fblocks -fencode-extended-block-signature -fregister-global-dtors-with-atexit -fgnuc-version=4.2.1 -fobjc-runtime=macosx-11.0.0 -fcxx-exceptions -fexceptions -fmax-type-align=16 -fdiagnostics-show-option -o CMakeFiles/cmTC_de709.dir/CMakeCXXCompilerABI.cpp.o -x c++ "/Users/happys/Library/Application Support/JetBrains/Toolbox/apps/CLion/ch-0/202.8194.17/CLion.app/Contents/bin/cmake/mac/share/cmake-3.17/Modules/CMakeCXXCompilerABI.cpp"
clang -cc1 version 12.0.0 (clang-1200.0.32.2) default target x86_64-apple-darwin20.1.0
ignoring nonexistent directory "/Library/Developer/CommandLineTools/SDKs/MacOSX11.0.sdk/usr/local/include"
ignoring nonexistent directory "/Library/Developer/CommandLineTools/SDKs/MacOSX11.0.sdk/Library/Frameworks"
#include "..." search starts here:
#include <...> search starts here:
 /Library/Developer/CommandLineTools/usr/bin/../include/c++/v1
 /Library/Developer/CommandLineTools/usr/lib/clang/12.0.0/include
 /Library/Developer/CommandLineTools/SDKs/MacOSX11.0.sdk/usr/include
 /Library/Developer/CommandLineTools/usr/include
 /Library/Developer/CommandLineTools/SDKs/MacOSX11.0.sdk/System/Library/Frameworks (framework directory)
End of search list.
Linking CXX executable cmTC_de709
"/Users/happys/Library/Application Support/JetBrains/Toolbox/apps/CLion/ch-0/202.8194.17/CLion.app/Contents/bin/cmake/mac/bin/cmake" -E cmake_link_script CMakeFiles/cmTC_de709.dir/link.txt --verbose=1
/Library/Developer/CommandLineTools/usr/bin/c++    -isysroot /Library/Developer/CommandLineTools/SDKs/MacOSX11.0.sdk -Wl,-search_paths_first -Wl,-headerpad_max_install_names  -v -Wl,-v CMakeFiles/cmTC_de709.dir/CMakeCXXCompilerABI.cpp.o  -o cmTC_de709 
Apple clang version 12.0.0 (clang-1200.0.32.2)
Target: x86_64-apple-darwin20.1.0
Thread model: posix
InstalledDir: /Library/Developer/CommandLineTools/usr/bin
 "/Library/Developer/CommandLineTools/usr/bin/ld" -demangle -lto_library /Library/Developer/CommandLineTools/usr/lib/libLTO.dylib -dynamic -arch x86_64 -platform_version macos 11.0.0 11.0 -syslibroot /Library/Developer/CommandLineTools/SDKs/MacOSX11.0.sdk -o cmTC_de709 -search_paths_first -headerpad_max_install_names -v CMakeFiles/cmTC_de709.dir/CMakeCXXCompilerABI.cpp.o -lc++ -lSystem /Library/Developer/CommandLineTools/usr/lib/clang/12.0.0/lib/darwin/libclang_rt.osx.a
@(#)PROGRAM:ld  PROJECT:ld64-609
BUILD 07:59:13 Aug 25 2020
configured to support archs: armv6 armv7 armv7s arm64 arm64e arm64_32 i386 x86_64 x86_64h armv6m armv7k armv7m armv7em
Library search paths:
	/Library/Developer/CommandLineTools/SDKs/MacOSX11.0.sdk/usr/lib
Framework search paths:
	/Library/Developer/CommandLineTools/SDKs/MacOSX11.0.sdk/System/Library/Frameworks/



Parsed CXX implicit include dir info from above output: rv=done
  found start of include info
  found start of implicit include info
    add: [/Library/Developer/CommandLineTools/usr/bin/../include/c++/v1]
    add: [/Library/Developer/CommandLineTools/usr/lib/clang/12.0.0/include]
    add: [/Library/Developer/CommandLineTools/SDKs/MacOSX11.0.sdk/usr/include]
    add: [/Library/Developer/CommandLineTools/usr/include]
  end of search list found
  collapse include dir [/Library/Developer/CommandLineTools/usr/bin/../include/c++/v1] ==> [/Library/Developer/CommandLineTools/usr/include/c++/v1]
  collapse include dir [/Library/Developer/CommandLineTools/usr/lib/clang/12.0.0/include] ==> [/Library/Developer/CommandLineTools/usr/lib/clang/12.0.0/include]
  collapse include dir [/Library/Developer/CommandLineTools/SDKs/MacOSX11.0.sdk/usr/include] ==> [/Library/Developer/CommandLineTools/SDKs/MacOSX11.0.sdk/usr/include]
  collapse include dir [/Library/Developer/CommandLineTools/usr/include] ==> [/Library/Developer/CommandLineTools/usr/include]
  implicit include dirs: [/Library/Developer/CommandLineTools/usr/include/c++/v1;/Library/Developer/CommandLineTools/usr/lib/clang/12.0.0/include;/Library/Developer/CommandLineTools/SDKs/MacOSX11.0.sdk/usr/include;/Library/Developer/CommandLineTools/usr/include]


Parsed CXX implicit link information from above output:
  link line regex: [^( *|.*[/\])(ld|CMAKE_LINK_STARTFILE-NOTFOUND|([^/\]+-)?ld|collect2)[^/\]*( |$)]
  ignore line: [Change Dir: /Users/happys/Desktop/project/AI/C_project/as4/source/CMakeFiles/CMakeTmp]
  ignore line: []
  ignore line: [Run Build Command(s):/usr/bin/make cmTC_de709/fast && /Library/Developer/CommandLineTools/usr/bin/make  -f CMakeFiles/cmTC_de709.dir/build.make CMakeFiles/cmTC_de709.dir/build]
  ignore line: [Building CXX object CMakeFiles/cmTC_de709.dir/CMakeCXXCompilerABI.cpp.o]
  ignore line: [/Library/Developer/CommandLineTools/usr/bin/c++    -isysroot /Library/Developer/CommandLineTools/SDKs/MacOSX11.0.sdk   -v -Wl -v -o CMakeFiles/cmTC_de709.dir/CMakeCXXCompilerABI.cpp.o -c "/Users/happys/Library/Application Support/JetBrains/Toolbox/apps/CLion/ch-0/202.8194.17/CLion.app/Contents/bin/cmake/mac/share/cmake-3.17/Modules/CMakeCXXCompilerABI.cpp"]
  ignore line: [Apple clang version 12.0.0 (clang-1200.0.32.2)]
  ignore line: [Target: x86_64-apple-darwin20.1.0]
  ignore line: [Thread model: posix]
  ignore line: [InstalledDir: /Library/Developer/CommandLineTools/usr/bin]
  ignore line: [clang: warning: -Wl -v: 'linker' input unused [-Wunused-command-line-argument]]
  ignore line: [ignoring nonexistent directory "/Library/Developer/CommandLineTools/SDKs/MacOSX11.0.sdk/usr/include/c++/v1"]
  ignore line: [ "/Library/Developer/CommandLineTools/usr/bin/clang" -cc1 -triple x86_64-apple-macosx11.0.0 -Wdeprecated-objc-isa-usage -Werror=deprecated-objc-isa-usage -Werror=implicit-function-declaration -emit-obj -mrelax-all -disable-free -disable-llvm-verifier -discard-value-names -main-file-name CMakeCXXCompilerABI.cpp -mrelocation-model pic -pic-level 2 -mthread-model posix -mframe-pointer=all -fno-strict-return -masm-verbose -munwind-tables -target-sdk-version=11.0 -target-cpu penryn -dwarf-column-info -debugger-tuning=lldb -target-linker-version 609 -v -resource-dir /Library/Developer/CommandLineTools/usr/lib/clang/12.0.0 -isysroot /Library/Developer/CommandLineTools/SDKs/MacOSX11.0.sdk -stdlib=libc++ -internal-isystem /Library/Developer/CommandLineTools/usr/bin/../include/c++/v1 -internal-isystem /Library/Developer/CommandLineTools/SDKs/MacOSX11.0.sdk/usr/local/include -internal-isystem /Library/Developer/CommandLineTools/usr/lib/clang/12.0.0/include -internal-externc-isystem /Library/Developer/CommandLineTools/SDKs/MacOSX11.0.sdk/usr/include -internal-externc-isystem /Library/Developer/CommandLineTools/usr/include -Wno-reorder-init-list -Wno-implicit-int-float-conversion -Wno-c99-designator -Wno-final-dtor-non-final-class -Wno-extra-semi-stmt -Wno-misleading-indentation -Wno-quoted-include-in-framework-header -Wno-implicit-fallthrough -Wno-enum-enum-conversion -Wno-enum-float-conversion -fdeprecated-macro -fdebug-compilation-dir /Users/happys/Desktop/project/AI/C_project/as4/source/CMakeFiles/CMakeTmp -ferror-limit 19 -fmessage-length 0 -stack-protector 1 -fstack-check -mdarwin-stkchk-strong-link -fblocks -fencode-extended-block-signature -fregister-global-dtors-with-atexit -fgnuc-version=4.2.1 -fobjc-runtime=macosx-11.0.0 -fcxx-exceptions -fexceptions -fmax-type-align=16 -fdiagnostics-show-option -o CMakeFiles/cmTC_de709.dir/CMakeCXXCompilerABI.cpp.o -x c++ "/Users/happys/Library/Application Support/JetBrains/Toolbox/apps/CLion/ch-0/202.8194.17/CLion.app/Contents/bin/cmake/mac/share/cmake-3.17/Modules/CMakeCXXCompilerABI.cpp"]
  ignore line: [clang -cc1 version 12.0.0 (clang-1200.0.32.2) default target x86_64-apple-darwin20.1.0]
  ignore line: [ignoring nonexistent directory "/Library/Developer/CommandLineTools/SDKs/MacOSX11.0.sdk/usr/local/include"]
  ignore line: [ignoring nonexistent directory "/Library/Developer/CommandLineTools/SDKs/MacOSX11.0.sdk/Library/Frameworks"]
  ignore line: [#include "..." search starts here:]
  ignore line: [#include <...> search starts here:]
  ignore line: [ /Library/Developer/CommandLineTools/usr/bin/../include/c++/v1]
  ignore line: [ /Library/Developer/CommandLineTools/usr/lib/clang/12.0.0/include]
  ignore line: [ /Library/Developer/CommandLineTools/SDKs/MacOSX11.0.sdk/usr/include]
  ignore line: [ /Library/Developer/CommandLineTools/usr/include]
  ignore line: [ /Library/Developer/CommandLineTools/SDKs/MacOSX11.0.sdk/System/Library/Frameworks (framework directory)]
  ignore line: [End of search list.]
  ignore line: [Linking CXX executable cmTC_de709]
  ignore line: ["/Users/happys/Library/Application Support/JetBrains/Toolbox/apps/CLion/ch-0/202.8194.17/CLion.app/Contents/bin/cmake/mac/bin/cmake" -E cmake_link_script CMakeFiles/cmTC_de709.dir/link.txt --verbose=1]
  ignore line: [/Library/Developer/CommandLineTools/usr/bin/c++    -isysroot /Library/Developer/CommandLineTools/SDKs/MacOSX11.0.sdk -Wl -search_paths_first -Wl -headerpad_max_install_names  -v -Wl -v CMakeFiles/cmTC_de709.dir/CMakeCXXCompilerABI.cpp.o  -o cmTC_de709 ]
  ignore line: [Apple clang version 12.0.0 (clang-1200.0.32.2)]
  ignore line: [Target: x86_64-apple-darwin20.1.0]
  ignore line: [Thread model: posix]
  ignore line: [InstalledDir: /Library/Developer/CommandLineTools/usr/bin]
  link line: [ "/Library/Developer/CommandLineTools/usr/bin/ld" -demangle -lto_library /Library/Developer/CommandLineTools/usr/lib/libLTO.dylib -dynamic -arch x86_64 -platform_version macos 11.0.0 11.0 -syslibroot /Library/Developer/CommandLineTools/SDKs/MacOSX11.0.sdk -o cmTC_de709 -search_paths_first -headerpad_max_install_names -v CMakeFiles/cmTC_de709.dir/CMakeCXXCompilerABI.cpp.o -lc++ -lSystem /Library/Developer/CommandLineTools/usr/lib/clang/12.0.0/lib/darwin/libclang_rt.osx.a]
    arg [/Library/Developer/CommandLineTools/usr/bin/ld] ==> ignore
    arg [-demangle] ==> ignore
    arg [-lto_library] ==> ignore, skip following value
    arg [/Library/Developer/CommandLineTools/usr/lib/libLTO.dylib] ==> skip value of -lto_library
    arg [-dynamic] ==> ignore
    arg [-arch] ==> ignore
    arg [x86_64] ==> ignore
    arg [-platform_version] ==> ignore
    arg [macos] ==> ignore
    arg [11.0.0] ==> ignore
    arg [11.0] ==> ignore
    arg [-syslibroot] ==> ignore
    arg [/Library/Developer/CommandLineTools/SDKs/MacOSX11.0.sdk] ==> ignore
    arg [-o] ==> ignore
    arg [cmTC_de709] ==> ignore
    arg [-search_paths_first] ==> ignore
    arg [-headerpad_max_install_names] ==> ignore
    arg [-v] ==> ignore
    arg [CMakeFiles/cmTC_de709.dir/CMakeCXXCompilerABI.cpp.o] ==> ignore
    arg [-lc++] ==> lib [c++]
    arg [-lSystem] ==> lib [System]
    arg [/Library/Developer/CommandLineTools/usr/lib/clang/12.0.0/lib/darwin/libclang_rt.osx.a] ==> lib [/Library/Developer/CommandLineTools/usr/lib/clang/12.0.0/lib/darwin/libclang_rt.osx.a]
  Library search paths: [;/Library/Developer/CommandLineTools/SDKs/MacOSX11.0.sdk/usr/lib]
  Framework search paths: [;/Library/Developer/CommandLineTools/SDKs/MacOSX11.0.sdk/System/Library/Frameworks/]
  remove lib [System]
  remove lib [/Library/Developer/CommandLineTools/usr/lib/clang/12.0.0/lib/darwin/libclang_rt.osx.a]
  collapse library dir [/Library/Developer/CommandLineTools/SDKs/MacOSX11.0.sdk/usr/lib] ==> [/Library/Developer/CommandLineTools/SDKs/MacOSX11.0.sdk/usr/lib]
  collapse framework dir [/Library/Developer/CommandLineTools/SDKs/MacOSX11.0.sdk/System/Library/Frameworks/] ==> [/Library/Developer/CommandLineTools/SDKs/MacOSX11.0.sdk/System/Library/Frameworks]
  implicit libs: [c++]
  implicit dirs: [/Library/Developer/CommandLineTools/SDKs/MacOSX11.0.sdk/usr/lib]
  implicit fwks: [/Library/Developer/CommandLineTools/SDKs/MacOSX11.0.sdk/System/Library/Frameworks]


